2022-04-18 20:47:13.452 | DEBUG    | libdb:_read:162 - Read data from table
2022-04-18 20:47:13.624 | DEBUG    | libdb:_connect:68 - sqlite version: 2.6.0
2022-04-18 20:47:13.625 | DEBUG    | libdb:_connect:72 - Connection successful
2022-04-18 20:47:13.627 | DEBUG    | libdb:_insert:124 - Inserted into table data
2022-04-18 20:47:13.628 | DEBUG    | libdb:_insert:125 - date: 2022-04-18T20:47:13.623806, temperature: 24.4474609375, humidity: 41.11317365567386, pressure: 995.5783764239445, altitude: 147.91707882305084, dew_point: 10.393765587159237
2022-04-18 20:47:13.644 | DEBUG    | libdb:_close:143 - Connection closed successfully
2022-04-18 20:49:13.633 | DEBUG    | libdb:_read:162 - Read data from table
2022-04-18 20:49:13.804 | DEBUG    | libdb:_connect:68 - sqlite version: 2.6.0
2022-04-18 20:49:13.804 | DEBUG    | libdb:_connect:72 - Connection successful
2022-04-18 20:49:13.807 | DEBUG    | libdb:_insert:124 - Inserted into table data
2022-04-18 20:49:13.807 | DEBUG    | libdb:_insert:125 - date: 2022-04-18T20:49:13.803611, temperature: 24.592578125, humidity: 41.147673656181446, pressure: 995.6014763710306, altitude: 147.97049854398944, dew_point: 10.53663596956261
2022-04-18 20:49:13.818 | DEBUG    | libdb:_close:143 - Connection closed successfully
2022-04-18 20:51:13.772 | DEBUG    | libdb:_read:162 - Read data from table
2022-04-18 20:51:13.942 | DEBUG    | libdb:_connect:68 - sqlite version: 2.6.0
2022-04-18 20:51:13.943 | DEBUG    | libdb:_connect:72 - Connection successful
2022-04-18 20:51:13.945 | DEBUG    | libdb:_insert:124 - Inserted into table data
2022-04-18 20:51:13.946 | DEBUG    | libdb:_insert:125 - date: 2022-04-18T20:51:13.941851, temperature: 24.6912109375, humidity: 40.79061451311117, pressure: 995.6400112842126, altitude: 147.4282562735756, dew_point: 10.494451467606495
2022-04-18 20:51:13.959 | DEBUG    | libdb:_close:143 - Connection closed successfully
2022-04-18 20:52:44.602 | DEBUG    | libdb:_read:162 - Read data from table
2022-04-18 20:52:44.775 | DEBUG    | libdb:_connect:68 - sqlite version: 2.6.0
2022-04-18 20:52:44.775 | DEBUG    | libdb:_connect:72 - Connection successful
2022-04-18 20:52:44.778 | DEBUG    | libdb:_insert:124 - Inserted into table data
2022-04-18 20:52:44.779 | DEBUG    | libdb:_insert:125 - date: 2022-04-18T20:52:44.773995, temperature: 24.737890625, humidity: 40.98359313999882, pressure: 995.6663239746515, altitude: 147.56985352999078, dew_point: 10.607130588406164
2022-04-18 20:52:44.789 | DEBUG    | libdb:_close:143 - Connection closed successfully
2022-04-18 20:54:44.783 | DEBUG    | libdb:_read:162 - Read data from table
2022-04-18 20:54:44.954 | DEBUG    | libdb:_connect:68 - sqlite version: 2.6.0
2022-04-18 20:54:44.954 | DEBUG    | libdb:_connect:72 - Connection successful
2022-04-18 20:54:44.957 | DEBUG    | libdb:_insert:124 - Inserted into table data
2022-04-18 20:54:44.958 | DEBUG    | libdb:_insert:125 - date: 2022-04-18T20:54:44.953278, temperature: 24.8259765625, humidity: 40.898673692690394, pressure: 995.6575301067174, altitude: 147.48648719861157, dew_point: 10.655035732337353
2022-04-18 20:54:44.972 | DEBUG    | libdb:_close:143 - Connection closed successfully
2022-04-18 20:56:02.505 | DEBUG    | libdb:_read:162 - Read data from table
2022-04-18 20:56:02.679 | DEBUG    | libdb:_connect:68 - sqlite version: 2.6.0
2022-04-18 20:56:02.679 | DEBUG    | libdb:_connect:72 - Connection successful
2022-04-18 20:56:02.681 | DEBUG    | libdb:_insert:124 - Inserted into table data
2022-04-18 20:56:02.682 | DEBUG    | libdb:_insert:125 - date: 2022-04-18T20:56:02.678095, temperature: 24.8052734375, humidity: 41.0291170861422, pressure: 995.7030962038405, altitude: 147.21137498351038, dew_point: 10.684269635514738
2022-04-18 20:56:02.694 | DEBUG    | libdb:_close:143 - Connection closed successfully
2022-04-18 20:56:07.659 | DEBUG    | libdb:_read:162 - Read data from table
2022-04-18 20:56:07.830 | DEBUG    | libdb:_connect:68 - sqlite version: 2.6.0
2022-04-18 20:56:07.830 | DEBUG    | libdb:_connect:72 - Connection successful
2022-04-18 20:56:07.835 | DEBUG    | libdb:_insert:124 - Inserted into table data
2022-04-18 20:56:07.837 | DEBUG    | libdb:_insert:125 - date: 2022-04-18T20:56:07.829595, temperature: 24.8103515625, humidity: 41.14261015841494, pressure: 995.6642728442264, altitude: 147.44043199574247, dew_point: 10.730315580483989
2022-04-18 20:56:07.846 | DEBUG    | libdb:_close:143 - Connection closed successfully
2022-04-18 20:56:12.829 | DEBUG    | libdb:_read:162 - Read data from table
2022-04-18 20:56:13.000 | DEBUG    | libdb:_connect:68 - sqlite version: 2.6.0
2022-04-18 20:56:13.001 | DEBUG    | libdb:_connect:72 - Connection successful
2022-04-18 20:56:13.003 | DEBUG    | libdb:_insert:124 - Inserted into table data
2022-04-18 20:56:13.004 | DEBUG    | libdb:_insert:125 - date: 2022-04-18T20:56:12.999914, temperature: 24.820703125, humidity: 41.012148804928486, pressure: 995.6598763325399, altitude: 147.3562307172881, dew_point: 10.691905843531913
2022-04-18 20:56:13.016 | DEBUG    | libdb:_close:143 - Connection closed successfully
2022-04-18 20:56:17.967 | DEBUG    | libdb:_read:162 - Read data from table
2022-04-18 20:56:18.137 | DEBUG    | libdb:_connect:68 - sqlite version: 2.6.0
2022-04-18 20:56:18.138 | DEBUG    | libdb:_connect:72 - Connection successful
2022-04-18 20:56:18.143 | DEBUG    | libdb:_insert:124 - Inserted into table data
2022-04-18 20:56:18.144 | DEBUG    | libdb:_insert:125 - date: 2022-04-18T20:56:18.136928, temperature: 24.83125, humidity: 41.114299126134284, pressure: 995.6855675191313, altitude: 147.21307334152235, dew_point: 10.738736740110994
2022-04-18 20:56:18.156 | DEBUG    | libdb:_close:143 - Connection closed successfully
2022-04-18 20:56:23.111 | DEBUG    | libdb:_read:162 - Read data from table
2022-04-18 20:56:23.281 | DEBUG    | libdb:_connect:68 - sqlite version: 2.6.0
2022-04-18 20:56:23.285 | DEBUG    | libdb:_connect:72 - Connection successful
2022-04-18 20:56:23.287 | DEBUG    | libdb:_insert:124 - Inserted into table data
2022-04-18 20:56:23.289 | DEBUG    | libdb:_insert:125 - date: 2022-04-18T20:56:23.280307, temperature: 24.820703125, humidity: 41.227764524978966, pressure: 995.6962147180141, altitude: 147.38767202315586, dew_point: 10.77067410218956
2022-04-18 20:56:23.299 | DEBUG    | libdb:_close:143 - Connection closed successfully
2022-04-18 20:56:28.244 | DEBUG    | libdb:_read:162 - Read data from table
2022-04-18 20:56:28.415 | DEBUG    | libdb:_connect:68 - sqlite version: 2.6.0
2022-04-18 20:56:28.421 | DEBUG    | libdb:_connect:72 - Connection successful
2022-04-18 20:56:28.423 | DEBUG    | libdb:_insert:124 - Inserted into table data
2022-04-18 20:56:28.424 | DEBUG    | libdb:_insert:125 - date: 2022-04-18T20:56:28.414716, temperature: 24.820703125, humidity: 40.9156847307088, pressure: 995.684275025357, altitude: 147.2150693473622, dew_point: 10.656547506517484
2022-04-18 20:56:28.435 | DEBUG    | libdb:_close:143 - Connection closed successfully
2022-04-18 20:56:33.373 | DEBUG    | libdb:_read:162 - Read data from table
2022-04-18 20:56:33.544 | DEBUG    | libdb:_connect:68 - sqlite version: 2.6.0
2022-04-18 20:56:33.544 | DEBUG    | libdb:_connect:72 - Connection successful
2022-04-18 20:56:33.550 | DEBUG    | libdb:_insert:124 - Inserted into table data
2022-04-18 20:56:33.550 | DEBUG    | libdb:_insert:125 - date: 2022-04-18T20:56:33.543281, temperature: 24.83125, humidity: 40.98379062261833, pressure: 995.6792603517675, altitude: 147.2663292962543, dew_point: 10.690983541413573
2022-04-18 20:56:33.561 | DEBUG    | libdb:_close:143 - Connection closed successfully
2022-04-18 20:56:38.508 | DEBUG    | libdb:_read:162 - Read data from table
2022-04-18 20:56:38.679 | DEBUG    | libdb:_connect:68 - sqlite version: 2.6.0
2022-04-18 20:56:38.684 | DEBUG    | libdb:_connect:72 - Connection successful
2022-04-18 20:56:38.688 | DEBUG    | libdb:_insert:124 - Inserted into table data
2022-04-18 20:56:38.689 | DEBUG    | libdb:_insert:125 - date: 2022-04-18T20:56:38.678244, temperature: 24.83125, humidity: 41.05188263835812, pressure: 995.6922538071988, altitude: 147.31388211093437, dew_point: 10.715915184563812
2022-04-18 20:56:38.700 | DEBUG    | libdb:_close:143 - Connection closed successfully
2022-04-18 20:56:43.635 | DEBUG    | libdb:_read:162 - Read data from table
2022-04-18 20:56:43.805 | DEBUG    | libdb:_connect:68 - sqlite version: 2.6.0
2022-04-18 20:56:43.809 | DEBUG    | libdb:_connect:72 - Connection successful
2022-04-18 20:56:43.811 | DEBUG    | libdb:_insert:124 - Inserted into table data
2022-04-18 20:56:43.812 | DEBUG    | libdb:_insert:125 - date: 2022-04-18T20:56:43.804732, temperature: 24.83125, humidity: 40.94408249429618, pressure: 995.7043337259207, altitude: 147.1392829785544, dew_point: 10.676427688314163
2022-04-18 20:56:43.824 | DEBUG    | libdb:_close:143 - Connection closed successfully
2022-04-18 20:56:48.777 | DEBUG    | libdb:_read:162 - Read data from table
2022-04-18 20:56:48.947 | DEBUG    | libdb:_connect:68 - sqlite version: 2.6.0
2022-04-18 20:56:48.952 | DEBUG    | libdb:_connect:72 - Connection successful
2022-04-18 20:56:48.953 | DEBUG    | libdb:_insert:124 - Inserted into table data
2022-04-18 20:56:48.954 | DEBUG    | libdb:_insert:125 - date: 2022-04-18T20:56:48.946905, temperature: 24.836328125, humidity: 40.97814221221398, pressure: 995.678881232167, altitude: 147.2554225895272, dew_point: 10.693470699829504
2022-04-18 20:56:48.965 | DEBUG    | libdb:_close:143 - Connection closed successfully
2022-04-18 20:56:53.923 | DEBUG    | libdb:_read:162 - Read data from table
2022-04-18 20:56:54.102 | DEBUG    | libdb:_connect:68 - sqlite version: 2.6.0
2022-04-18 20:56:54.108 | DEBUG    | libdb:_connect:72 - Connection successful
2022-04-18 20:56:54.112 | DEBUG    | libdb:_insert:124 - Inserted into table data
2022-04-18 20:56:54.114 | DEBUG    | libdb:_insert:125 - date: 2022-04-18T20:56:54.101346, temperature: 24.8416015625, humidity: 41.040561494647974, pressure: 995.6982655109941, altitude: 147.30297402704485, dew_point: 10.721063333370864
2022-04-18 20:56:54.126 | DEBUG    | libdb:_close:143 - Connection closed successfully
2022-04-18 20:56:59.014 | DEBUG    | libdb:_read:162 - Read data from table
2022-04-18 20:56:59.192 | DEBUG    | libdb:_connect:68 - sqlite version: 2.6.0
2022-04-18 20:56:59.193 | DEBUG    | libdb:_connect:72 - Connection successful
2022-04-18 20:56:59.199 | DEBUG    | libdb:_insert:124 - Inserted into table data
2022-04-18 20:56:59.200 | DEBUG    | libdb:_insert:125 - date: 2022-04-18T20:56:59.190911, temperature: 24.8259765625, humidity: 41.02921261910951, pressure: 995.6955969516463, altitude: 146.96418874121903, dew_point: 10.702885775055165
2022-04-18 20:56:59.223 | DEBUG    | libdb:_close:143 - Connection closed successfully
2022-04-18 20:57:04.100 | DEBUG    | libdb:_read:162 - Read data from table
2022-04-18 20:57:04.271 | DEBUG    | libdb:_connect:68 - sqlite version: 2.6.0
2022-04-18 20:57:04.272 | DEBUG    | libdb:_connect:72 - Connection successful
2022-04-18 20:57:04.279 | DEBUG    | libdb:_insert:124 - Inserted into table data
2022-04-18 20:57:04.281 | DEBUG    | libdb:_insert:125 - date: 2022-04-18T20:57:04.270559, temperature: 24.83125, humidity: 41.114299126134284, pressure: 995.7056263866435, altitude: 147.40178842096716, dew_point: 10.738736740110994
2022-04-18 20:57:04.294 | DEBUG    | libdb:_close:143 - Connection closed successfully
2022-04-18 20:57:09.173 | DEBUG    | libdb:_read:162 - Read data from table
2022-04-18 20:57:09.343 | DEBUG    | libdb:_connect:68 - sqlite version: 2.6.0
2022-04-18 20:57:09.345 | DEBUG    | libdb:_connect:72 - Connection successful
2022-04-18 20:57:09.350 | DEBUG    | libdb:_insert:124 - Inserted into table data
2022-04-18 20:57:09.352 | DEBUG    | libdb:_insert:125 - date: 2022-04-18T20:57:09.343037, temperature: 24.8259765625, humidity: 41.250460124180606, pressure: 995.6993190498488, altitude: 146.8658719827614, dew_point: 10.783679999800995
2022-04-18 20:57:09.362 | DEBUG    | libdb:_close:143 - Connection closed successfully
2022-04-18 20:57:14.259 | DEBUG    | libdb:_read:162 - Read data from table
2022-04-18 20:57:14.430 | DEBUG    | libdb:_connect:68 - sqlite version: 2.6.0
2022-04-18 20:57:14.431 | DEBUG    | libdb:_connect:72 - Connection successful
2022-04-18 20:57:14.437 | DEBUG    | libdb:_insert:124 - Inserted into table data
2022-04-18 20:57:14.438 | DEBUG    | libdb:_insert:125 - date: 2022-04-18T20:57:14.429149, temperature: 24.8259765625, humidity: 41.36393585623849, pressure: 995.7173273972776, altitude: 147.1618121887974, dew_point: 10.824970439298909
2022-04-18 20:57:14.450 | DEBUG    | libdb:_close:143 - Connection closed successfully
2022-04-18 20:57:19.378 | DEBUG    | libdb:_read:162 - Read data from table
2022-04-18 20:57:19.549 | DEBUG    | libdb:_connect:68 - sqlite version: 2.6.0
2022-04-18 20:57:19.550 | DEBUG    | libdb:_connect:72 - Connection successful
2022-04-18 20:57:19.552 | DEBUG    | libdb:_insert:124 - Inserted into table data
2022-04-18 20:57:19.553 | DEBUG    | libdb:_insert:125 - date: 2022-04-18T20:57:19.548498, temperature: 24.820703125, humidity: 40.978090198569625, pressure: 995.6976474912962, altitude: 147.35052785848703, dew_point: 10.6794302462946
2022-04-18 20:57:19.564 | DEBUG    | libdb:_close:143 - Connection closed successfully
2022-04-18 20:57:24.501 | DEBUG    | libdb:_read:162 - Read data from table
2022-04-18 20:57:24.672 | DEBUG    | libdb:_connect:68 - sqlite version: 2.6.0
2022-04-18 20:57:24.673 | DEBUG    | libdb:_connect:72 - Connection successful
2022-04-18 20:57:24.678 | DEBUG    | libdb:_insert:124 - Inserted into table data
2022-04-18 20:57:24.679 | DEBUG    | libdb:_insert:125 - date: 2022-04-18T20:57:24.671586, temperature: 24.83125, humidity: 40.9270462385001, pressure: 995.6926328160519, altitude: 147.18484060256233, dew_point: 10.67017887244873
2022-04-18 20:57:24.696 | DEBUG    | libdb:_close:143 - Connection closed successfully
2022-04-18 20:57:29.584 | DEBUG    | libdb:_read:162 - Read data from table
2022-04-18 20:57:29.756 | DEBUG    | libdb:_connect:68 - sqlite version: 2.6.0
2022-04-18 20:57:29.757 | DEBUG    | libdb:_connect:72 - Connection successful
2022-04-18 20:57:29.764 | DEBUG    | libdb:_insert:124 - Inserted into table data
2022-04-18 20:57:29.765 | DEBUG    | libdb:_insert:125 - date: 2022-04-18T20:57:29.755576, temperature: 24.820703125, humidity: 41.12564745582368, pressure: 995.717706198479, altitude: 147.28885775948416, dew_point: 10.733414316534436
2022-04-18 20:57:29.776 | DEBUG    | libdb:_close:143 - Connection closed successfully
2022-04-18 20:57:34.686 | DEBUG    | libdb:<module>:20 - Handler already removed
2022-04-18 20:57:34.686 | DEBUG    | libdb:<module>:20 - Handler already removed
2022-04-18 20:57:34.715 | DEBUG    | libdb:_read:161 - Read data from table
2022-04-18 20:57:34.715 | DEBUG    | libdb:_read:161 - Read data from table
2022-04-18 20:57:34.893 | DEBUG    | libdb:_connect:67 - sqlite version: 2.6.0
2022-04-18 20:57:34.893 | DEBUG    | libdb:_connect:67 - sqlite version: 2.6.0
2022-04-18 20:57:34.898 | DEBUG    | libdb:_connect:71 - Connection successful
2022-04-18 20:57:34.898 | DEBUG    | libdb:_connect:71 - Connection successful
2022-04-18 20:57:34.904 | DEBUG    | libdb:_insert:123 - Inserted into table data
2022-04-18 20:57:34.904 | DEBUG    | libdb:_insert:123 - Inserted into table data
2022-04-18 20:57:34.907 | DEBUG    | libdb:_insert:124 - date: 2022-04-18T20:57:34.891899, temperature: 24.83125, humidity: 41.080239451248985, pressure: 995.734043132616, altitude: 146.92754246500087, dew_point: 10.72628717391774
2022-04-18 20:57:34.907 | DEBUG    | libdb:_insert:124 - date: 2022-04-18T20:57:34.891899, temperature: 24.83125, humidity: 41.080239451248985, pressure: 995.734043132616, altitude: 146.92754246500087, dew_point: 10.72628717391774
2022-04-18 20:57:34.923 | DEBUG    | libdb:_close:142 - Connection closed successfully
2022-04-18 20:57:34.923 | DEBUG    | libdb:_close:142 - Connection closed successfully
2022-04-18 20:57:39.820 | DEBUG    | libdb:_read:161 - Read data from table
2022-04-18 20:57:39.820 | DEBUG    | libdb:_read:161 - Read data from table
2022-04-18 20:57:39.998 | DEBUG    | libdb:_connect:67 - sqlite version: 2.6.0
2022-04-18 20:57:39.998 | DEBUG    | libdb:_connect:67 - sqlite version: 2.6.0
2022-04-18 20:57:40.004 | DEBUG    | libdb:_connect:71 - Connection successful
2022-04-18 20:57:40.004 | DEBUG    | libdb:_connect:71 - Connection successful
2022-04-18 20:57:40.009 | DEBUG    | libdb:_insert:123 - Inserted into table data
2022-04-18 20:57:40.009 | DEBUG    | libdb:_insert:123 - Inserted into table data
2022-04-18 20:57:40.013 | DEBUG    | libdb:_insert:124 - date: 2022-04-18T20:57:39.996791, temperature: 24.83125, humidity: 41.19373664155876, pressure: 995.7009906084705, altitude: 146.99812217101206, dew_point: 10.767737609062863
2022-04-18 20:57:40.013 | DEBUG    | libdb:_insert:124 - date: 2022-04-18T20:57:39.996791, temperature: 24.83125, humidity: 41.19373664155876, pressure: 995.7009906084705, altitude: 146.99812217101206, dew_point: 10.767737609062863
2022-04-18 20:57:40.033 | DEBUG    | libdb:_close:142 - Connection closed successfully
2022-04-18 20:57:40.033 | DEBUG    | libdb:_close:142 - Connection closed successfully
2022-04-18 20:57:55.005 | DEBUG    | libdb:_read:161 - Read data from table
2022-04-18 20:57:55.178 | DEBUG    | libdb:_connect:67 - sqlite version: 2.6.0
2022-04-18 20:57:55.179 | DEBUG    | libdb:_connect:71 - Connection successful
2022-04-18 20:57:55.182 | DEBUG    | libdb:_insert:123 - Inserted into table data
2022-04-18 20:57:55.183 | DEBUG    | libdb:_insert:124 - date: 2022-04-18T20:57:55.177620, temperature: 24.83125, humidity: 41.05755691168634, pressure: 995.6872390910447, altitude: 147.19525177626642, dew_point: 10.717991152607567
2022-04-18 20:57:55.195 | DEBUG    | libdb:_close:142 - Connection closed successfully
2022-04-18 20:58:00.130 | DEBUG    | libdb:_read:161 - Read data from table
2022-04-18 20:58:00.301 | DEBUG    | libdb:_connect:67 - sqlite version: 2.6.0
2022-04-18 20:58:00.302 | DEBUG    | libdb:_connect:71 - Connection successful
2022-04-18 20:58:00.307 | DEBUG    | libdb:_insert:123 - Inserted into table data
2022-04-18 20:58:00.308 | DEBUG    | libdb:_insert:124 - date: 2022-04-18T20:58:00.300531, temperature: 24.83125, humidity: 41.22212285676303, pressure: 995.7273568376531, altitude: 147.14249163367725, dew_point: 10.778088825607654
2022-04-18 20:58:00.320 | DEBUG    | libdb:_close:142 - Connection closed successfully
2022-04-18 20:58:05.266 | DEBUG    | libdb:_read:161 - Read data from table
2022-04-18 20:58:05.438 | DEBUG    | libdb:_connect:67 - sqlite version: 2.6.0
2022-04-18 20:58:05.438 | DEBUG    | libdb:_connect:71 - Connection successful
2022-04-18 20:58:05.443 | DEBUG    | libdb:_insert:123 - Inserted into table data
2022-04-18 20:58:05.445 | DEBUG    | libdb:_insert:124 - date: 2022-04-18T20:58:05.437298, temperature: 24.83125, humidity: 40.94974410534758, pressure: 995.7116381991891, altitude: 146.97309743279644, dew_point: 10.678503832147157
2022-04-18 20:58:05.456 | DEBUG    | libdb:_close:142 - Connection closed successfully
2022-04-18 20:58:10.392 | DEBUG    | libdb:_read:161 - Read data from table
2022-04-18 20:58:10.563 | DEBUG    | libdb:_connect:67 - sqlite version: 2.6.0
2022-04-18 20:58:10.564 | DEBUG    | libdb:_connect:71 - Connection successful
2022-04-18 20:58:10.569 | DEBUG    | libdb:_insert:123 - Inserted into table data
2022-04-18 20:58:10.569 | DEBUG    | libdb:_insert:124 - date: 2022-04-18T20:58:10.562356, temperature: 24.8416015625, humidity: 41.250493048788684, pressure: 995.739676328921, altitude: 147.02956186870645, dew_point: 10.797724340520233
2022-04-18 20:58:10.581 | DEBUG    | libdb:_close:142 - Connection closed successfully
2022-04-18 20:58:15.523 | DEBUG    | libdb:_read:161 - Read data from table
2022-04-18 20:58:15.693 | DEBUG    | libdb:_connect:67 - sqlite version: 2.6.0
2022-04-18 20:58:15.694 | DEBUG    | libdb:_connect:71 - Connection successful
2022-04-18 20:58:15.700 | DEBUG    | libdb:_insert:123 - Inserted into table data
2022-04-18 20:58:15.701 | DEBUG    | libdb:_insert:124 - date: 2022-04-18T20:58:15.692849, temperature: 24.836328125, humidity: 41.09163096759867, pressure: 995.7173273972776, altitude: 146.7299217627851, dew_point: 10.735010471499436
2022-04-18 20:58:15.712 | DEBUG    | libdb:_close:142 - Connection closed successfully
2022-04-18 20:58:20.653 | DEBUG    | libdb:_read:161 - Read data from table
2022-04-18 20:58:20.823 | DEBUG    | libdb:_connect:67 - sqlite version: 2.6.0
2022-04-18 20:58:20.824 | DEBUG    | libdb:_connect:71 - Connection successful
2022-04-18 20:58:20.828 | DEBUG    | libdb:_insert:123 - Inserted into table data
2022-04-18 20:58:20.830 | DEBUG    | libdb:_insert:124 - date: 2022-04-18T20:58:20.823001, temperature: 24.83125, humidity: 41.199441789996335, pressure: 995.7310786754505, altitude: 146.8178217690955, dew_point: 10.769818533186992
2022-04-18 20:58:20.841 | DEBUG    | libdb:_close:142 - Connection closed successfully
2022-04-18 20:58:25.778 | DEBUG    | libdb:_read:161 - Read data from table
2022-04-18 20:58:25.948 | DEBUG    | libdb:_connect:67 - sqlite version: 2.6.0
2022-04-18 20:58:25.950 | DEBUG    | libdb:_connect:71 - Connection successful
2022-04-18 20:58:25.954 | DEBUG    | libdb:_insert:123 - Inserted into table data
2022-04-18 20:58:25.956 | DEBUG    | libdb:_insert:124 - date: 2022-04-18T20:58:25.948131, temperature: 24.8259765625, humidity: 41.080268359045355, pressure: 995.7193777578591, altitude: 147.00653631583415, dew_point: 10.721564131858088
2022-04-18 20:58:25.969 | DEBUG    | libdb:_close:142 - Connection closed successfully
2022-04-18 20:58:30.905 | DEBUG    | libdb:_read:161 - Read data from table
2022-04-18 20:58:31.077 | DEBUG    | libdb:_connect:67 - sqlite version: 2.6.0
2022-04-18 20:58:31.077 | DEBUG    | libdb:_connect:71 - Connection successful
2022-04-18 20:58:31.081 | DEBUG    | libdb:_insert:123 - Inserted into table data
2022-04-18 20:58:31.082 | DEBUG    | libdb:_insert:124 - date: 2022-04-18T20:58:31.076276, temperature: 24.83125, humidity: 41.375336346934525, pressure: 995.7056263866435, altitude: 146.94486532648096, dew_point: 10.833850833289603
2022-04-18 20:58:31.095 | DEBUG    | libdb:_close:142 - Connection closed successfully
2022-04-18 20:58:36.056 | DEBUG    | libdb:_read:161 - Read data from table
2022-04-18 20:58:36.227 | DEBUG    | libdb:_connect:67 - sqlite version: 2.6.0
2022-04-18 20:58:36.228 | DEBUG    | libdb:_connect:71 - Connection successful
2022-04-18 20:58:36.231 | DEBUG    | libdb:_insert:123 - Inserted into table data
2022-04-18 20:58:36.232 | DEBUG    | libdb:_insert:124 - date: 2022-04-18T20:58:36.226223, temperature: 24.836328125, humidity: 41.307232725322116, pressure: 995.7193777578591, altitude: 146.8178217690955, dew_point: 10.813648310616657
2022-04-18 20:58:36.246 | DEBUG    | libdb:_close:142 - Connection closed successfully
2022-04-18 20:58:41.189 | DEBUG    | libdb:_read:161 - Read data from table
2022-04-18 20:58:41.360 | DEBUG    | libdb:_connect:67 - sqlite version: 2.6.0
2022-04-18 20:58:41.361 | DEBUG    | libdb:_connect:71 - Connection successful
2022-04-18 20:58:41.364 | DEBUG    | libdb:_insert:123 - Inserted into table data
2022-04-18 20:58:41.366 | DEBUG    | libdb:_insert:124 - date: 2022-04-18T20:58:41.359339, temperature: 24.8416015625, humidity: 41.26185702533605, pressure: 995.7350404141494, altitude: 146.89931071283524, dew_point: 10.801864316995363
2022-04-18 20:58:41.384 | DEBUG    | libdb:_close:142 - Connection closed successfully
2022-04-18 20:58:46.317 | DEBUG    | libdb:_read:161 - Read data from table
2022-04-18 20:58:46.487 | DEBUG    | libdb:_connect:67 - sqlite version: 2.6.0
2022-04-18 20:58:46.488 | DEBUG    | libdb:_connect:71 - Connection successful
2022-04-18 20:58:46.493 | DEBUG    | libdb:_insert:123 - Inserted into table data
2022-04-18 20:58:46.494 | DEBUG    | libdb:_insert:124 - date: 2022-04-18T20:58:46.486706, temperature: 24.8259765625, humidity: 41.16536631258608, pressure: 995.7494658384916, altitude: 147.04888405790734, dew_point: 10.7526511289077
2022-04-18 20:58:46.509 | DEBUG    | libdb:_close:142 - Connection closed successfully
2022-04-18 20:58:51.457 | DEBUG    | libdb:_read:161 - Read data from table
2022-04-18 20:58:51.627 | DEBUG    | libdb:_connect:67 - sqlite version: 2.6.0
2022-04-18 20:58:51.628 | DEBUG    | libdb:_connect:71 - Connection successful
2022-04-18 20:58:51.634 | DEBUG    | libdb:_insert:123 - Inserted into table data
2022-04-18 20:58:51.635 | DEBUG    | libdb:_insert:124 - date: 2022-04-18T20:58:51.626961, temperature: 24.820703125, humidity: 41.00648811213185, pressure: 995.7507588748495, altitude: 146.7948001173098, dew_point: 10.68983297664687
2022-04-18 20:58:51.647 | DEBUG    | libdb:_close:142 - Connection closed successfully
2022-04-18 20:58:56.570 | DEBUG    | libdb:_read:161 - Read data from table
2022-04-18 20:58:56.740 | DEBUG    | libdb:_connect:67 - sqlite version: 2.6.0
2022-04-18 20:58:56.741 | DEBUG    | libdb:_connect:71 - Connection successful
2022-04-18 20:58:56.745 | DEBUG    | libdb:_insert:123 - Inserted into table data
2022-04-18 20:58:56.746 | DEBUG    | libdb:_insert:124 - date: 2022-04-18T20:58:56.739597, temperature: 24.83125, humidity: 41.27318903260492, pressure: 995.7043337259207, altitude: 146.89360982232236, dew_point: 10.796694621714892
2022-04-18 20:58:56.757 | DEBUG    | libdb:_close:142 - Connection closed successfully
2022-04-18 20:59:01.703 | DEBUG    | libdb:_read:161 - Read data from table
2022-04-18 20:59:01.873 | DEBUG    | libdb:_connect:67 - sqlite version: 2.6.0
2022-04-18 20:59:01.874 | DEBUG    | libdb:_connect:71 - Connection successful
2022-04-18 20:59:01.881 | DEBUG    | libdb:_insert:123 - Inserted into table data
2022-04-18 20:59:01.882 | DEBUG    | libdb:_insert:124 - date: 2022-04-18T20:59:01.872944, temperature: 24.820703125, humidity: 41.09730530631315, pressure: 995.7089695321941, altitude: 146.87428538631394, dew_point: 10.723058561158268
2022-04-18 20:59:01.895 | DEBUG    | libdb:_close:142 - Connection closed successfully
2022-04-18 20:59:06.840 | DEBUG    | libdb:_read:161 - Read data from table
2022-04-18 20:59:07.011 | DEBUG    | libdb:_connect:67 - sqlite version: 2.6.0
2022-04-18 20:59:07.012 | DEBUG    | libdb:_connect:71 - Connection successful
2022-04-18 20:59:07.017 | DEBUG    | libdb:_insert:123 - Inserted into table data
2022-04-18 20:59:07.018 | DEBUG    | libdb:_insert:124 - date: 2022-04-18T20:59:07.010422, temperature: 24.8259765625, humidity: 41.341276078430724, pressure: 995.7183245449415, altitude: 146.87428538631394, dew_point: 10.816733209183724
2022-04-18 20:59:07.029 | DEBUG    | libdb:_close:142 - Connection closed successfully
2022-04-18 20:59:11.960 | DEBUG    | libdb:_read:161 - Read data from table
2022-04-18 20:59:12.131 | DEBUG    | libdb:_connect:67 - sqlite version: 2.6.0
2022-04-18 20:59:12.132 | DEBUG    | libdb:_connect:71 - Connection successful
2022-04-18 20:59:12.137 | DEBUG    | libdb:_insert:123 - Inserted into table data
2022-04-18 20:59:12.138 | DEBUG    | libdb:_insert:124 - date: 2022-04-18T20:59:12.130840, temperature: 24.836328125, humidity: 41.02351113021682, pressure: 995.7497059380578, altitude: 146.64522829247156, dew_point: 10.71008903491645
2022-04-18 20:59:12.156 | DEBUG    | libdb:_close:142 - Connection closed successfully
2022-04-18 20:59:17.086 | DEBUG    | libdb:_read:161 - Read data from table
2022-04-18 20:59:17.256 | DEBUG    | libdb:_connect:67 - sqlite version: 2.6.0
2022-04-18 20:59:17.257 | DEBUG    | libdb:_connect:71 - Connection successful
2022-04-18 20:59:17.263 | DEBUG    | libdb:_insert:123 - Inserted into table data
2022-04-18 20:59:17.264 | DEBUG    | libdb:_insert:124 - date: 2022-04-18T20:59:17.256082, temperature: 24.8416015625, humidity: 41.3185971578246, pressure: 995.719996131552, altitude: 146.888401337134, dew_point: 10.822520115566306
2022-04-18 20:59:17.276 | DEBUG    | libdb:_close:142 - Connection closed successfully
2022-04-18 20:59:22.206 | DEBUG    | libdb:_read:161 - Read data from table
2022-04-18 20:59:22.377 | DEBUG    | libdb:_connect:67 - sqlite version: 2.6.0
2022-04-18 20:59:22.377 | DEBUG    | libdb:_connect:71 - Connection successful
2022-04-18 20:59:22.383 | DEBUG    | libdb:_insert:123 - Inserted into table data
2022-04-18 20:59:22.384 | DEBUG    | libdb:_insert:124 - date: 2022-04-18T20:59:22.376249, temperature: 24.836328125, humidity: 41.03492818832855, pressure: 995.7149813719275, altitude: 146.8235239371277, dew_point: 10.71426847542574
2022-04-18 20:59:22.397 | DEBUG    | libdb:_close:142 - Connection closed successfully
2022-04-18 20:59:27.334 | DEBUG    | libdb:_read:161 - Read data from table
2022-04-18 20:59:27.504 | DEBUG    | libdb:_connect:67 - sqlite version: 2.6.0
2022-04-18 20:59:27.507 | DEBUG    | libdb:_connect:71 - Connection successful
2022-04-18 20:59:27.510 | DEBUG    | libdb:_insert:123 - Inserted into table data
2022-04-18 20:59:27.511 | DEBUG    | libdb:_insert:124 - date: 2022-04-18T20:59:27.503692, temperature: 24.8466796875, humidity: 41.193767621090004, pressure: 995.740968975847, altitude: 146.95577429158632, dew_point: 10.781603569304764
2022-04-18 20:59:27.522 | DEBUG    | libdb:_close:142 - Connection closed successfully
2022-04-18 20:59:32.485 | DEBUG    | libdb:_read:161 - Read data from table
2022-04-18 20:59:32.655 | DEBUG    | libdb:_connect:67 - sqlite version: 2.6.0
2022-04-18 20:59:32.656 | DEBUG    | libdb:_connect:71 - Connection successful
2022-04-18 20:59:32.659 | DEBUG    | libdb:_insert:123 - Inserted into table data
2022-04-18 20:59:32.660 | DEBUG    | libdb:_insert:124 - date: 2022-04-18T20:59:32.654785, temperature: 24.8416015625, humidity: 41.36964527993134, pressure: 995.7296467222667, altitude: 146.90822019586304, dew_point: 10.841082419477516
2022-04-18 20:59:32.676 | DEBUG    | libdb:_close:142 - Connection closed successfully
2022-04-18 20:59:37.632 | DEBUG    | libdb:_read:161 - Read data from table
2022-04-18 20:59:37.803 | DEBUG    | libdb:_connect:67 - sqlite version: 2.6.0
2022-04-18 20:59:37.804 | DEBUG    | libdb:_connect:71 - Connection successful
2022-04-18 20:59:37.807 | DEBUG    | libdb:_insert:123 - Inserted into table data
2022-04-18 20:59:37.808 | DEBUG    | libdb:_insert:124 - date: 2022-04-18T20:59:37.802380, temperature: 24.8259765625, humidity: 41.341292946674, pressure: 995.6805528038046, altitude: 147.02956186870645, dew_point: 10.816739342569178
2022-04-18 20:59:37.822 | DEBUG    | libdb:_close:142 - Connection closed successfully
2022-04-18 20:59:42.769 | DEBUG    | libdb:_read:161 - Read data from table
2022-04-18 20:59:42.939 | DEBUG    | libdb:_connect:67 - sqlite version: 2.6.0
2022-04-18 20:59:42.940 | DEBUG    | libdb:_connect:71 - Connection successful
2022-04-18 20:59:42.943 | DEBUG    | libdb:_insert:123 - Inserted into table data
2022-04-18 20:59:42.944 | DEBUG    | libdb:_insert:124 - date: 2022-04-18T20:59:42.939044, temperature: 24.836328125, humidity: 41.278863004975044, pressure: 995.7133097855238, altitude: 147.1476961073133, dew_point: 10.803321545047709
2022-04-18 20:59:42.957 | DEBUG    | libdb:_close:142 - Connection closed successfully
2022-04-18 20:59:47.908 | DEBUG    | libdb:_read:161 - Read data from table
2022-04-18 20:59:48.079 | DEBUG    | libdb:_connect:67 - sqlite version: 2.6.0
2022-04-18 20:59:48.080 | DEBUG    | libdb:_connect:71 - Connection successful
2022-04-18 20:59:48.085 | DEBUG    | libdb:_insert:123 - Inserted into table data
2022-04-18 20:59:48.086 | DEBUG    | libdb:_insert:124 - date: 2022-04-18T20:59:48.078676, temperature: 24.8466796875, humidity: 41.24485116980842, pressure: 995.7116381991891, altitude: 146.8941041062189, dew_point: 10.800229011048316
2022-04-18 20:59:48.101 | DEBUG    | libdb:_close:142 - Connection closed successfully
2022-04-18 20:59:53.033 | DEBUG    | libdb:_read:161 - Read data from table
2022-04-18 20:59:53.204 | DEBUG    | libdb:_connect:67 - sqlite version: 2.6.0
2022-04-18 20:59:53.205 | DEBUG    | libdb:_connect:71 - Connection successful
2022-04-18 20:59:53.209 | DEBUG    | libdb:_insert:123 - Inserted into table data
2022-04-18 20:59:53.210 | DEBUG    | libdb:_insert:124 - date: 2022-04-18T20:59:53.203549, temperature: 24.8416015625, humidity: 41.44909588242639, pressure: 995.739676328921, altitude: 146.8178217690955, dew_point: 10.869932396630588
2022-04-18 20:59:53.225 | DEBUG    | libdb:_close:142 - Connection closed successfully
2022-04-18 20:59:58.171 | DEBUG    | libdb:_read:161 - Read data from table
2022-04-18 20:59:58.342 | DEBUG    | libdb:_connect:67 - sqlite version: 2.6.0
2022-04-18 20:59:58.343 | DEBUG    | libdb:_connect:71 - Connection successful
2022-04-18 20:59:58.346 | DEBUG    | libdb:_insert:123 - Inserted into table data
2022-04-18 20:59:58.347 | DEBUG    | libdb:_insert:124 - date: 2022-04-18T20:59:58.341558, temperature: 24.8416015625, humidity: 41.02922644326255, pressure: 995.7146023169398, altitude: 147.2271897389153, dew_point: 10.71691426454413
2022-04-18 20:59:58.360 | DEBUG    | libdb:_close:142 - Connection closed successfully
2022-04-18 21:00:03.328 | DEBUG    | libdb:_read:161 - Read data from table
2022-04-18 21:00:03.499 | DEBUG    | libdb:_connect:67 - sqlite version: 2.6.0
2022-04-18 21:00:03.500 | DEBUG    | libdb:_connect:71 - Connection successful
2022-04-18 21:00:03.505 | DEBUG    | libdb:_insert:123 - Inserted into table data
2022-04-18 21:00:03.506 | DEBUG    | libdb:_insert:124 - date: 2022-04-18T21:00:03.498298, temperature: 24.851953125, humidity: 41.091674078062894, pressure: 995.7129307166928, altitude: 146.7734759799657, dew_point: 10.749052124710374
2022-04-18 21:00:03.518 | DEBUG    | libdb:_close:142 - Connection closed successfully
2022-04-18 21:00:08.477 | DEBUG    | libdb:_read:161 - Read data from table
2022-04-18 21:00:08.662 | DEBUG    | libdb:_connect:67 - sqlite version: 2.6.0
2022-04-18 21:00:08.663 | DEBUG    | libdb:_connect:71 - Connection successful
2022-04-18 21:00:08.670 | DEBUG    | libdb:_insert:123 - Inserted into table data
2022-04-18 21:00:08.671 | DEBUG    | libdb:_insert:124 - date: 2022-04-18T21:00:08.660664, temperature: 24.85703125, humidity: 41.188170666806144, pressure: 995.7392403569197, altitude: 146.86387866153657, dew_point: 10.788856342681527
2022-04-18 21:00:08.688 | DEBUG    | libdb:_close:142 - Connection closed successfully
2022-04-18 21:00:13.576 | DEBUG    | libdb:_read:161 - Read data from table
2022-04-18 21:00:13.754 | DEBUG    | libdb:_connect:67 - sqlite version: 2.6.0
2022-04-18 21:00:13.755 | DEBUG    | libdb:_connect:71 - Connection successful
2022-04-18 21:00:13.762 | DEBUG    | libdb:_insert:123 - Inserted into table data
2022-04-18 21:00:13.764 | DEBUG    | libdb:_insert:124 - date: 2022-04-18T21:00:13.752624, temperature: 24.851953125, humidity: 41.284586231079295, pressure: 995.709208298954, altitude: 146.86708985127333, dew_point: 10.819439000652494
2022-04-18 21:00:13.784 | DEBUG    | libdb:_close:142 - Connection closed successfully
2022-04-18 21:00:18.669 | DEBUG    | libdb:_read:161 - Read data from table
2022-04-18 21:00:18.844 | DEBUG    | libdb:_connect:67 - sqlite version: 2.6.0
2022-04-18 21:00:18.846 | DEBUG    | libdb:_connect:71 - Connection successful
2022-04-18 21:00:18.855 | DEBUG    | libdb:_insert:123 - Inserted into table data
2022-04-18 21:00:18.857 | DEBUG    | libdb:_insert:124 - date: 2022-04-18T21:00:18.843072, temperature: 24.8623046875, humidity: 41.403777143105664, pressure: 995.7409120126624, altitude: 147.0647227940469, dew_point: 10.872083189494106
2022-04-18 21:00:18.872 | DEBUG    | libdb:_close:142 - Connection closed successfully
2022-04-18 21:00:23.756 | DEBUG    | libdb:_read:161 - Read data from table
2022-04-18 21:00:23.927 | DEBUG    | libdb:_connect:67 - sqlite version: 2.6.0
2022-04-18 21:00:23.928 | DEBUG    | libdb:_connect:71 - Connection successful
2022-04-18 21:00:23.934 | DEBUG    | libdb:_insert:123 - Inserted into table data
2022-04-18 21:00:23.935 | DEBUG    | libdb:_insert:124 - date: 2022-04-18T21:00:23.926738, temperature: 24.8673828125, humidity: 41.023605827417384, pressure: 995.7054275453241, altitude: 147.08454878901966, dew_point: 10.737994621800453
2022-04-18 21:00:23.951 | DEBUG    | libdb:_close:142 - Connection closed successfully
2022-04-18 21:00:28.851 | DEBUG    | libdb:_read:161 - Read data from table
2022-04-18 21:00:29.022 | DEBUG    | libdb:_connect:67 - sqlite version: 2.6.0
2022-04-18 21:00:29.023 | DEBUG    | libdb:_connect:71 - Connection successful
2022-04-18 21:00:29.028 | DEBUG    | libdb:_insert:123 - Inserted into table data
2022-04-18 21:00:29.030 | DEBUG    | libdb:_insert:124 - date: 2022-04-18T21:00:29.021546, temperature: 24.8779296875, humidity: 41.165487347284326, pressure: 995.7147823027043, altitude: 147.1070731848762, dew_point: 10.799341147920245
2022-04-18 21:00:29.042 | DEBUG    | libdb:_close:142 - Connection closed successfully
2022-04-18 21:00:33.935 | DEBUG    | libdb:_read:161 - Read data from table
2022-04-18 21:00:34.106 | DEBUG    | libdb:_connect:67 - sqlite version: 2.6.0
2022-04-18 21:00:34.107 | DEBUG    | libdb:_connect:71 - Connection successful
2022-04-18 21:00:34.111 | DEBUG    | libdb:_insert:123 - Inserted into table data
2022-04-18 21:00:34.112 | DEBUG    | libdb:_insert:124 - date: 2022-04-18T21:00:34.105318, temperature: 24.87265625, humidity: 41.171161957602074, pressure: 995.7254875683594, altitude: 146.77719368975193, dew_point: 10.796678106767956
2022-04-18 21:00:34.129 | DEBUG    | libdb:_close:142 - Connection closed successfully
2022-04-18 21:00:39.048 | DEBUG    | libdb:_read:161 - Read data from table
2022-04-18 21:00:39.219 | DEBUG    | libdb:_connect:67 - sqlite version: 2.6.0
2022-04-18 21:00:39.220 | DEBUG    | libdb:_connect:71 - Connection successful
2022-04-18 21:00:39.225 | DEBUG    | libdb:_insert:123 - Inserted into table data
2022-04-18 21:00:39.226 | DEBUG    | libdb:_insert:124 - date: 2022-04-18T21:00:39.219053, temperature: 24.8830078125, humidity: 41.103109325695435, pressure: 995.711059043201, altitude: 146.93818752599347, dew_point: 10.781109685267893
2022-04-18 21:00:39.238 | DEBUG    | libdb:_close:142 - Connection closed successfully
2022-04-18 21:00:44.137 | DEBUG    | libdb:_read:161 - Read data from table
2022-04-18 21:00:44.308 | DEBUG    | libdb:_connect:67 - sqlite version: 2.6.0
2022-04-18 21:00:44.309 | DEBUG    | libdb:_connect:71 - Connection successful
2022-04-18 21:00:44.314 | DEBUG    | libdb:_insert:123 - Inserted into table data
2022-04-18 21:00:44.315 | DEBUG    | libdb:_insert:124 - date: 2022-04-18T21:00:44.307474, temperature: 24.88828125, humidity: 41.01230944287539, pressure: 995.7417661368297, altitude: 146.78611666058396, dew_point: 10.752612546447153
2022-04-18 21:00:44.329 | DEBUG    | libdb:_close:142 - Connection closed successfully
2022-04-18 21:00:49.214 | DEBUG    | libdb:_read:161 - Read data from table
2022-04-18 21:00:49.385 | DEBUG    | libdb:_connect:67 - sqlite version: 2.6.0
2022-04-18 21:00:49.386 | DEBUG    | libdb:_connect:71 - Connection successful
2022-04-18 21:00:49.393 | DEBUG    | libdb:_insert:123 - Inserted into table data
2022-04-18 21:00:49.394 | DEBUG    | libdb:_insert:124 - date: 2022-04-18T21:00:49.384215, temperature: 24.893359375, humidity: 41.40957683522005, pressure: 995.7553761801003, altitude: 146.77252182091655, dew_point: 10.902091096183085
2022-04-18 21:00:49.408 | DEBUG    | libdb:_close:142 - Connection closed successfully
2022-04-18 21:00:54.323 | DEBUG    | libdb:_read:161 - Read data from table
2022-04-18 21:00:54.494 | DEBUG    | libdb:_connect:67 - sqlite version: 2.6.0
2022-04-18 21:00:54.495 | DEBUG    | libdb:_connect:71 - Connection successful
2022-04-18 21:00:54.500 | DEBUG    | libdb:_insert:123 - Inserted into table data
2022-04-18 21:00:54.501 | DEBUG    | libdb:_insert:124 - date: 2022-04-18T21:00:54.493422, temperature: 24.8986328125, humidity: 41.16556293208844, pressure: 995.716310081946, altitude: 147.0209196858461, dew_point: 10.817956678219844
2022-04-18 21:00:54.517 | DEBUG    | libdb:_close:142 - Connection closed successfully
2022-04-18 21:00:59.405 | DEBUG    | libdb:_read:161 - Read data from table
2022-04-18 21:00:59.576 | DEBUG    | libdb:_connect:67 - sqlite version: 2.6.0
2022-04-18 21:00:59.577 | DEBUG    | libdb:_connect:71 - Connection successful
2022-04-18 21:00:59.585 | DEBUG    | libdb:_insert:123 - Inserted into table data
2022-04-18 21:00:59.586 | DEBUG    | libdb:_insert:124 - date: 2022-04-18T21:00:59.575875, temperature: 24.8986328125, humidity: 41.386896525859385, pressure: 995.7286279375899, altitude: 147.01251666743067, dew_point: 10.898588145456927
2022-04-18 21:00:59.602 | DEBUG    | libdb:_close:142 - Connection closed successfully
2022-04-18 21:01:04.517 | DEBUG    | libdb:_read:161 - Read data from table
2022-04-18 21:01:04.688 | DEBUG    | libdb:_connect:67 - sqlite version: 2.6.0
2022-04-18 21:01:04.689 | DEBUG    | libdb:_connect:71 - Connection successful
2022-04-18 21:01:04.713 | DEBUG    | libdb:_insert:123 - Inserted into table data
2022-04-18 21:01:04.714 | DEBUG    | libdb:_insert:124 - date: 2022-04-18T21:01:04.687668, temperature: 24.9037109375, humidity: 41.38122187740288, pressure: 995.755756289268, altitude: 146.7584046444904, dew_point: 10.901087733706902
2022-04-18 21:01:04.727 | DEBUG    | libdb:_close:142 - Connection closed successfully
2022-04-18 21:01:09.588 | DEBUG    | libdb:_read:161 - Read data from table
2022-04-18 21:01:09.759 | DEBUG    | libdb:_connect:67 - sqlite version: 2.6.0
2022-04-18 21:01:09.760 | DEBUG    | libdb:_connect:71 - Connection successful
2022-04-18 21:01:09.765 | DEBUG    | libdb:_insert:123 - Inserted into table data
2022-04-18 21:01:09.766 | DEBUG    | libdb:_insert:124 - date: 2022-04-18T21:01:09.758452, temperature: 24.9037109375, humidity: 41.03503670555088, pressure: 995.7206495153127, altitude: 146.7584046444904, dew_point: 10.77478438650337
2022-04-18 21:01:09.779 | DEBUG    | libdb:_close:142 - Connection closed successfully
2022-04-18 21:01:14.662 | DEBUG    | libdb:_read:161 - Read data from table
2022-04-18 21:01:14.833 | DEBUG    | libdb:_connect:67 - sqlite version: 2.6.0
2022-04-18 21:01:14.834 | DEBUG    | libdb:_connect:71 - Connection successful
2022-04-18 21:01:14.840 | DEBUG    | libdb:_insert:123 - Inserted into table data
2022-04-18 21:01:14.841 | DEBUG    | libdb:_insert:124 - date: 2022-04-18T21:01:14.832866, temperature: 24.9140625, humidity: 41.19401450406158, pressure: 995.7697464600459, altitude: 146.7648418583181, dew_point: 10.842197225385974
2022-04-18 21:01:14.858 | DEBUG    | libdb:_close:142 - Connection closed successfully
2022-04-18 21:01:19.781 | DEBUG    | libdb:_read:161 - Read data from table
2022-04-18 21:01:19.952 | DEBUG    | libdb:_connect:67 - sqlite version: 2.6.0
2022-04-18 21:01:19.953 | DEBUG    | libdb:_connect:71 - Connection successful
2022-04-18 21:01:19.957 | DEBUG    | libdb:_insert:123 - Inserted into table data
2022-04-18 21:01:19.958 | DEBUG    | libdb:_insert:124 - date: 2022-04-18T21:01:19.951494, temperature: 24.9140625, humidity: 41.33020003413438, pressure: 995.7296237683657, altitude: 147.1286785285788, dew_point: 10.891829710241268
2022-04-18 21:01:19.970 | DEBUG    | libdb:_close:142 - Connection closed successfully
2022-04-18 21:01:24.882 | DEBUG    | libdb:_read:161 - Read data from table
2022-04-18 21:01:25.053 | DEBUG    | libdb:_connect:67 - sqlite version: 2.6.0
2022-04-18 21:01:25.054 | DEBUG    | libdb:_connect:71 - Connection successful
2022-04-18 21:01:25.060 | DEBUG    | libdb:_insert:123 - Inserted into table data
2022-04-18 21:01:25.061 | DEBUG    | libdb:_insert:124 - date: 2022-04-18T21:01:25.052401, temperature: 24.9244140625, humidity: 41.33023380556288, pressure: 995.745961133332, altitude: 146.61008351953905, dew_point: 10.901140242645397
2022-04-18 21:01:25.073 | DEBUG    | libdb:_close:142 - Connection closed successfully
2022-04-18 21:01:29.977 | DEBUG    | libdb:_read:161 - Read data from table
2022-04-18 21:01:30.148 | DEBUG    | libdb:_connect:67 - sqlite version: 2.6.0
2022-04-18 21:01:30.149 | DEBUG    | libdb:_connect:71 - Connection successful
2022-04-18 21:01:30.153 | DEBUG    | libdb:_insert:123 - Inserted into table data
2022-04-18 21:01:30.154 | DEBUG    | libdb:_insert:124 - date: 2022-04-18T21:01:30.147488, temperature: 24.9244140625, humidity: 41.307550388788364, pressure: 995.7421754197337, altitude: 146.96302803739655, dew_point: 10.892882747816373
2022-04-18 21:01:30.166 | DEBUG    | libdb:_close:142 - Connection closed successfully
2022-04-18 21:01:35.074 | DEBUG    | libdb:_read:161 - Read data from table
2022-04-18 21:01:35.245 | DEBUG    | libdb:_connect:67 - sqlite version: 2.6.0
2022-04-18 21:01:35.246 | DEBUG    | libdb:_connect:71 - Connection successful
2022-04-18 21:01:35.251 | DEBUG    | libdb:_insert:123 - Inserted into table data
2022-04-18 21:01:35.252 | DEBUG    | libdb:_insert:124 - date: 2022-04-18T21:01:35.244253, temperature: 24.9244140625, humidity: 41.35859213032779, pressure: 995.7408844991528, altitude: 146.58506994085752, dew_point: 10.91145796802084
2022-04-18 21:01:35.270 | DEBUG    | libdb:_close:142 - Connection closed successfully
2022-04-18 21:01:40.164 | DEBUG    | libdb:_read:161 - Read data from table
2022-04-18 21:01:40.334 | DEBUG    | libdb:_connect:67 - sqlite version: 2.6.0
2022-04-18 21:01:40.335 | DEBUG    | libdb:_connect:71 - Connection successful
2022-04-18 21:01:40.338 | DEBUG    | libdb:_insert:123 - Inserted into table data
2022-04-18 21:01:40.338 | DEBUG    | libdb:_insert:124 - date: 2022-04-18T21:01:40.333886, temperature: 24.9244140625, humidity: 41.01809093609062, pressure: 995.7572220435584, altitude: 146.79361321714333, dew_point: 10.787157607953361
2022-04-18 21:01:40.351 | DEBUG    | libdb:_close:142 - Connection closed successfully
2022-04-18 21:02:04.271 | DEBUG    | libdb:_read:161 - Read data from table
2022-04-18 21:02:04.444 | DEBUG    | libdb:_connect:67 - sqlite version: 2.6.0
2022-04-18 21:02:04.445 | DEBUG    | libdb:_connect:71 - Connection successful
2022-04-18 21:02:04.448 | DEBUG    | libdb:_insert:123 - Inserted into table data
2022-04-18 21:02:04.448 | DEBUG    | libdb:_insert:124 - date: 2022-04-18T21:02:04.443393, temperature: 24.9140625, humidity: 41.25073435359582, pressure: 995.7426175484181, altitude: 146.84436671019338, dew_point: 10.862886191236328
2022-04-18 21:02:04.463 | DEBUG    | libdb:_close:142 - Connection closed successfully
2022-04-18 21:02:09.523 | DEBUG    | libdb:_read:161 - Read data from table
2022-04-18 21:02:09.700 | DEBUG    | libdb:_connect:67 - sqlite version: 2.6.0
2022-04-18 21:02:09.700 | DEBUG    | libdb:_connect:71 - Connection successful
2022-04-18 21:02:09.702 | DEBUG    | libdb:_insert:123 - Inserted into table data
2022-04-18 21:02:09.703 | DEBUG    | libdb:_insert:124 - date: 2022-04-18T21:02:09.699261, temperature: 24.9140625, humidity: 41.02373984072771, pressure: 995.720208016583, altitude: 147.08310441056815, dew_point: 10.77993709363335
2022-04-18 21:02:09.716 | DEBUG    | libdb:_close:142 - Connection closed successfully
2022-04-18 21:02:16.529 | DEBUG    | libdb:_read:161 - Read data from table
2022-04-18 21:02:16.701 | DEBUG    | libdb:_connect:67 - sqlite version: 2.6.0
2022-04-18 21:02:16.701 | DEBUG    | libdb:_connect:71 - Connection successful
2022-04-18 21:02:16.704 | DEBUG    | libdb:_insert:123 - Inserted into table data
2022-04-18 21:02:16.705 | DEBUG    | libdb:_insert:124 - date: 2022-04-18T21:02:16.700408, temperature: 24.9244140625, humidity: 40.98968700945452, pressure: 995.7382171598492, altitude: 147.0754293747364, dew_point: 10.776747651544952
2022-04-18 21:02:16.717 | DEBUG    | libdb:_close:142 - Connection closed successfully
2022-04-18 21:02:31.755 | DEBUG    | libdb:_read:161 - Read data from table
2022-04-18 21:02:31.926 | DEBUG    | libdb:_connect:67 - sqlite version: 2.6.0
2022-04-18 21:02:31.927 | DEBUG    | libdb:_connect:71 - Connection successful
2022-04-18 21:02:31.929 | DEBUG    | libdb:_insert:123 - Inserted into table data
2022-04-18 21:02:31.930 | DEBUG    | libdb:_insert:124 - date: 2022-04-18T21:02:31.925174, temperature: 24.9193359375, humidity: 41.33021724376078, pressure: 995.7346391026534, altitude: 146.96248741745936, dew_point: 10.896572818046764
2022-04-18 21:02:31.944 | DEBUG    | libdb:_close:142 - Connection closed successfully
2022-04-18 21:02:40.572 | DEBUG    | libdb:_read:161 - Read data from table
2022-04-18 21:02:40.743 | DEBUG    | libdb:_connect:67 - sqlite version: 2.6.0
2022-04-18 21:02:40.743 | DEBUG    | libdb:_connect:71 - Connection successful
2022-04-18 21:02:40.746 | DEBUG    | libdb:_insert:123 - Inserted into table data
2022-04-18 21:02:40.746 | DEBUG    | libdb:_insert:124 - date: 2022-04-18T21:02:40.742278, temperature: 24.9193359375, humidity: 41.13157156512222, pressure: 995.7553159327924, altitude: 146.54789818508752, dew_point: 10.824125801139019
2022-04-18 21:02:40.759 | DEBUG    | libdb:_close:142 - Connection closed successfully
2022-04-18 21:02:52.681 | DEBUG    | libdb:_read:161 - Read data from table
2022-04-18 21:02:52.852 | DEBUG    | libdb:_connect:67 - sqlite version: 2.6.0
2022-04-18 21:02:52.853 | DEBUG    | libdb:_connect:71 - Connection successful
2022-04-18 21:02:52.855 | DEBUG    | libdb:_insert:123 - Inserted into table data
2022-04-18 21:02:52.856 | DEBUG    | libdb:_insert:124 - date: 2022-04-18T21:02:52.851932, temperature: 24.9037109375, humidity: 41.09181618938977, pressure: 995.7647311214134, altitude: 146.553082806976, dew_point: 10.795564259481296
2022-04-18 21:02:52.868 | DEBUG    | libdb:_close:142 - Connection closed successfully
2022-04-18 21:03:03.523 | DEBUG    | libdb:_read:161 - Read data from table
2022-04-18 21:03:03.695 | DEBUG    | libdb:_connect:67 - sqlite version: 2.6.0
2022-04-18 21:03:03.696 | DEBUG    | libdb:_connect:71 - Connection successful
2022-04-18 21:03:03.698 | DEBUG    | libdb:_insert:123 - Inserted into table data
2022-04-18 21:03:03.699 | DEBUG    | libdb:_insert:124 - date: 2022-04-18T21:03:03.694801, temperature: 24.9037109375, humidity: 41.31312535988425, pressure: 995.7353149965621, altitude: 146.70193612490175, dew_point: 10.87631697568645
2022-04-18 21:03:03.712 | DEBUG    | libdb:_close:142 - Connection closed successfully
2022-04-18 21:03:05.056 | DEBUG    | libdb:_read:161 - Read data from table
2022-04-18 21:03:05.227 | DEBUG    | libdb:_connect:67 - sqlite version: 2.6.0
2022-04-18 21:03:05.228 | DEBUG    | libdb:_connect:71 - Connection successful
2022-04-18 21:03:05.230 | DEBUG    | libdb:_insert:123 - Inserted into table data
2022-04-18 21:03:05.231 | DEBUG    | libdb:_insert:124 - date: 2022-04-18T21:03:05.226506, temperature: 24.9140625, humidity: 41.25076630621334, pressure: 995.7827405855918, altitude: 146.58703075749304, dew_point: 10.862897839108143
2022-04-18 21:03:05.244 | DEBUG    | libdb:_close:142 - Connection closed successfully
2022-04-18 21:03:18.491 | DEBUG    | libdb:_read:161 - Read data from table
2022-04-18 21:03:18.663 | DEBUG    | libdb:_connect:67 - sqlite version: 2.6.0
2022-04-18 21:03:18.664 | DEBUG    | libdb:_connect:71 - Connection successful
2022-04-18 21:03:18.666 | DEBUG    | libdb:_insert:123 - Inserted into table data
2022-04-18 21:03:18.667 | DEBUG    | libdb:_insert:124 - date: 2022-04-18T21:03:18.662792, temperature: 24.9037109375, humidity: 41.523085257890266, pressure: 995.753028667018, altitude: 146.83220941467016, dew_point: 10.95257667142198
2022-04-18 21:03:18.680 | DEBUG    | libdb:_close:142 - Connection closed successfully
2022-04-18 21:03:33.957 | DEBUG    | libdb:_read:161 - Read data from table
2022-04-18 21:03:34.128 | DEBUG    | libdb:_connect:67 - sqlite version: 2.6.0
2022-04-18 21:03:34.129 | DEBUG    | libdb:_connect:71 - Connection successful
2022-04-18 21:03:34.131 | DEBUG    | libdb:_insert:123 - Inserted into table data
2022-04-18 21:03:34.132 | DEBUG    | libdb:_insert:124 - date: 2022-04-18T21:03:34.127372, temperature: 24.88828125, humidity: 41.330064523167366, pressure: 995.7729118279794, altitude: 146.42428401122584, dew_point: 10.86862235698112
2022-04-18 21:03:34.146 | DEBUG    | libdb:_close:142 - Connection closed successfully
2022-04-18 21:03:40.522 | DEBUG    | libdb:_read:161 - Read data from table
2022-04-18 21:03:40.692 | DEBUG    | libdb:_connect:67 - sqlite version: 2.6.0
2022-04-18 21:03:40.693 | DEBUG    | libdb:_connect:71 - Connection successful
2022-04-18 21:03:40.695 | DEBUG    | libdb:_insert:123 - Inserted into table data
2022-04-18 21:03:40.696 | DEBUG    | libdb:_insert:124 - date: 2022-04-18T21:03:40.691881, temperature: 24.8623046875, humidity: 41.54564625146259, pressure: 995.7616465441423, altitude: 146.51418295332888, dew_point: 10.923534459598898
2022-04-18 21:03:40.710 | DEBUG    | libdb:_close:142 - Connection closed successfully
2022-04-18 21:03:53.833 | DEBUG    | libdb:_read:161 - Read data from table
2022-04-18 21:03:54.004 | DEBUG    | libdb:_connect:67 - sqlite version: 2.6.0
2022-04-18 21:03:54.005 | DEBUG    | libdb:_connect:71 - Connection successful
2022-04-18 21:03:54.007 | DEBUG    | libdb:_insert:123 - Inserted into table data
2022-04-18 21:03:54.007 | DEBUG    | libdb:_insert:124 - date: 2022-04-18T21:03:54.003698, temperature: 24.820703125, humidity: 41.29019399602956, pressure: 995.774539256084, altitude: 146.61129879814266, dew_point: 10.793412880554001
2022-04-18 21:03:54.020 | DEBUG    | libdb:_close:142 - Connection closed successfully
2022-04-18 21:04:01.689 | DEBUG    | libdb:_read:161 - Read data from table
2022-04-18 21:04:01.860 | DEBUG    | libdb:_connect:67 - sqlite version: 2.6.0
2022-04-18 21:04:01.861 | DEBUG    | libdb:_connect:71 - Connection successful
2022-04-18 21:04:01.863 | DEBUG    | libdb:_insert:123 - Inserted into table data
2022-04-18 21:04:01.864 | DEBUG    | libdb:_insert:124 - date: 2022-04-18T21:04:01.859694, temperature: 24.815625, humidity: 41.641915137233305, pressure: 995.7638903566534, altitude: 146.60762046258046, dew_point: 10.916391482349923
2022-04-18 21:04:01.876 | DEBUG    | libdb:_close:142 - Connection closed successfully
2022-04-18 21:04:12.511 | DEBUG    | libdb:_read:161 - Read data from table
2022-04-18 21:04:12.681 | DEBUG    | libdb:_connect:67 - sqlite version: 2.6.0
2022-04-18 21:04:12.682 | DEBUG    | libdb:_connect:71 - Connection successful
2022-04-18 21:04:12.684 | DEBUG    | libdb:_insert:123 - Inserted into table data
2022-04-18 21:04:12.685 | DEBUG    | libdb:_insert:124 - date: 2022-04-18T21:04:12.680835, temperature: 24.7845703125, humidity: 41.49427599651359, pressure: 995.7503290707648, altitude: 146.74190710665258, dew_point: 10.835062221154374
2022-04-18 21:04:12.702 | DEBUG    | libdb:_close:142 - Connection closed successfully
2022-04-18 21:04:14.022 | DEBUG    | libdb:_read:161 - Read data from table
2022-04-18 21:04:14.193 | DEBUG    | libdb:_connect:67 - sqlite version: 2.6.0
2022-04-18 21:04:14.193 | DEBUG    | libdb:_connect:71 - Connection successful
2022-04-18 21:04:14.195 | DEBUG    | libdb:_insert:123 - Inserted into table data
2022-04-18 21:04:14.197 | DEBUG    | libdb:_insert:124 - date: 2022-04-18T21:04:14.192393, temperature: 24.7896484375, humidity: 41.36948677975202, pressure: 995.7432656022477, altitude: 146.55318994373891, dew_point: 10.79435104636633
2022-04-18 21:04:14.208 | DEBUG    | libdb:_close:142 - Connection closed successfully
2022-04-18 21:04:26.439 | DEBUG    | libdb:_read:161 - Read data from table
2022-04-18 21:04:26.610 | DEBUG    | libdb:_connect:67 - sqlite version: 2.6.0
2022-04-18 21:04:26.610 | DEBUG    | libdb:_connect:71 - Connection successful
2022-04-18 21:04:26.613 | DEBUG    | libdb:_insert:123 - Inserted into table data
2022-04-18 21:04:26.613 | DEBUG    | libdb:_insert:124 - date: 2022-04-18T21:04:26.609170, temperature: 24.7275390625, humidity: 41.44307082951776, pressure: 995.7402389031517, altitude: 146.9290283893948, dew_point: 10.765251796611722
2022-04-18 21:04:26.627 | DEBUG    | libdb:_close:142 - Connection closed successfully
2022-04-18 21:04:43.189 | DEBUG    | libdb:_read:161 - Read data from table
2022-04-18 21:04:43.360 | DEBUG    | libdb:_connect:67 - sqlite version: 2.6.0
2022-04-18 21:04:43.361 | DEBUG    | libdb:_connect:71 - Connection successful
2022-04-18 21:04:43.363 | DEBUG    | libdb:_insert:123 - Inserted into table data
2022-04-18 21:04:43.364 | DEBUG    | libdb:_insert:124 - date: 2022-04-18T21:04:43.359972, temperature: 24.665234375, humidity: 41.561970949676315, pressure: 995.7504889820835, altitude: 146.65615780425702, dew_point: 10.752299712844604
2022-04-18 21:04:43.382 | DEBUG    | libdb:_close:142 - Connection closed successfully
